  21
 Etot=         -39.5306340022
 B         -0.0002199236       -1.1509356289        0.0029199371
 N          1.2461936159       -0.2287821873       -0.0041589203
 C          2.5173882862       -0.6071407994       -0.0092492982
 C          3.3566045038        0.5165640788       -0.0069850542
 C          2.5402109758        1.6240497718        0.0003013406
 C          1.2054641958        1.1502018956        0.0019929844
 C          0.0001167031        1.8330519713        0.0056127663
 C         -1.2051207655        1.1502768663        0.0019234759
 N         -1.2462709101       -0.2288024109       -0.0043217716
 C         -2.5175033750       -0.6070164891       -0.0092551121
 C         -3.3564589501        0.5168774208       -0.0069312853
 C         -2.5401184409        1.6241824691        0.0002697884
 F         -0.0001620146       -1.9270789824        1.1397031685
 F         -0.0000248797       -1.9472976582       -1.1193004613
 H          2.7816659702       -1.6473091405       -0.0145320408
 H          4.4282827578        0.4954086887       -0.0103900561
 H          2.8304334419        2.6563131959        0.0037920550
 H          0.0001032522        2.9126572278        0.0103255851
 H         -2.7822881904       -1.6470345183       -0.0147477383
 H         -4.4281602840        0.4955385984       -0.0102560524
 H         -2.8300299321        2.6565423964        0.0037473528
